<?xml version="1.0" encoding="UTF-8"?>
<!-- Generated by org.testng.reporters.JUnitXMLReporter -->
<testsuite hostname="IQA_Abhilash" ignored="0" name="Default test" tests="1" failures="0" timestamp="09 Jul 2018 09:15:00 GMT" time="13.391" errors="0">
  <testcase name="@BeforeClass createInstances" time="0.005" classname="com.StudentApp.tests.PagesInstances">
    <failure type="java.util.MissingResourceException" message="Can&amp;apos;t find bundle for base name HomePage, locale en_US">
      <![CDATA[java.util.MissingResourceException: Can't find bundle for base name HomePage, locale en_US
at java.util.ResourceBundle.throwMissingResourceException(Unknown Source)
at java.util.ResourceBundle.getBundleImpl(Unknown Source)
at java.util.ResourceBundle.getBundle(Unknown Source)
at com.StudentApp.tests.PagesInstances.createInstances(PagesInstances.java:25)
at sun.reflect.NativeMethodAccessorImpl.invoke0(Native Method)
at sun.reflect.NativeMethodAccessorImpl.invoke(Unknown Source)
at sun.reflect.DelegatingMethodAccessorImpl.invoke(Unknown Source)
at java.lang.reflect.Method.invoke(Unknown Source)
at org.testng.internal.MethodInvocationHelper.invokeMethod(MethodInvocationHelper.java:124)
at org.testng.internal.MethodInvocationHelper.invokeMethodConsideringTimeout(MethodInvocationHelper.java:59)
at org.testng.internal.Invoker.invokeConfigurationMethod(Invoker.java:455)
at org.testng.internal.Invoker.invokeConfigurations(Invoker.java:222)
at org.testng.internal.Invoker.invokeConfigurations(Invoker.java:142)
at org.testng.internal.TestMethodWorker.invokeBeforeClassMethods(TestMethodWorker.java:168)
at org.testng.internal.TestMethodWorker.run(TestMethodWorker.java:105)
at org.testng.TestRunner.privateRun(TestRunner.java:648)
at org.testng.TestRunner.run(TestRunner.java:505)
at org.testng.SuiteRunner.runTest(SuiteRunner.java:455)
at org.testng.SuiteRunner.runSequentially(SuiteRunner.java:450)
at org.testng.SuiteRunner.privateRun(SuiteRunner.java:415)
at org.testng.SuiteRunner.run(SuiteRunner.java:364)
at org.testng.SuiteRunnerWorker.runSuite(SuiteRunnerWorker.java:52)
at org.testng.SuiteRunnerWorker.run(SuiteRunnerWorker.java:84)
at org.testng.TestNG.runSuitesSequentially(TestNG.java:1208)
at org.testng.TestNG.runSuitesLocally(TestNG.java:1137)
at org.testng.TestNG.runSuites(TestNG.java:1049)
at org.testng.TestNG.run(TestNG.java:1017)
at org.testng.remote.AbstractRemoteTestNG.run(AbstractRemoteTestNG.java:114)
at org.testng.remote.RemoteTestNG.initAndRun(RemoteTestNG.java:251)
at org.testng.remote.RemoteTestNG.main(RemoteTestNG.java:77)
]]>
    </failure>
  </testcase> <!-- @BeforeClass createInstances -->
  <testcase name="@AfterClass stop" time="0.0" classname="com.StudentApp.base.Configuration">
    <skipped/>
  </testcase> <!-- @AfterClass stop -->
  <testcase name="TC_001_verify_loginpanel_section" time="0.0" classname="com.StudentApp.tests.Test_WelcomePage">
    <skipped/>
  </testcase> <!-- TC_001_verify_loginpanel_section -->
</testsuite> <!-- Default test -->
